<?xml version="1.0" encoding="utf-8"?><testsuites name="pytest tests"><testsuite name="pytest" errors="0" failures="0" skipped="0" tests="16" time="0.383" timestamp="2025-10-30T22:55:57.980679-04:00" hostname="Mac"><testcase classname="spec-first.tests.formal.test_cfe_residual" name="test_cfe_residual_reduction_ge_10x" time="0.000" /><testcase classname="spec-first.tests.formal.test_end_to_end" name="test_end_to_end_pggs_to_cfe_geometry_update" time="0.000" /><testcase classname="spec-first.tests.formal.test_geodesic" name="test_geodesic_flat_reaches_target" time="0.005" /><testcase classname="spec-first.tests.formal.test_geodesic" name="test_geodesic_flat_straight_length_minimal" time="0.005" /><testcase classname="spec-first.tests.formal.test_holonomy_flat" name="test_flat_holonomy_identity" time="0.000" /><testcase classname="spec-first.tests.formal.test_holonomy_flat" name="test_parallel_transport_length_preservation" time="0.004" /><testcase classname="spec-first.tests.formal.test_invariants" name="test_metric_symmetry_pd_bernoulli" time="0.000" /><testcase classname="spec-first.tests.formal.test_invariants" name="test_reparameterization_invariance_bernoulli" time="0.000" /><testcase classname="spec-first.tests.formal.test_invariants" name="test_empirical_matches_analytic_bernoulli" time="0.000" /><testcase classname="spec-first.tests.formal.test_operators" name="test_divergence_constant_zero_on_path_graph" time="0.000" /><testcase classname="spec-first.tests.formal.test_operators" name="test_divergence_sum_zero_from_incidence_on_cycle" time="0.000" /><testcase classname="spec-first.tests.formal.test_overdamped_limit" name="test_overdamped_limit_agreement" time="0.027" /><testcase classname="spec-first.tests.formal.test_pggs_variance" name="test_guided_importance_sampling_variance_reduction" time="0.034" /><testcase classname="spec-first.tests.formal.test_reparameterize" name="test_pullback_metric_scalar_bernoulli" time="0.000" /><testcase classname="spec-first.tests.formal.test_reparameterize" name="test_pullback_metric_vector_diag_bernoulli" time="0.000" /><testcase classname="spec-first.tests.formal.test_wave" name="test_wave_energy_conservation_flat_no_source" time="0.257" /></testsuite></testsuites>